{
  "stats": {
    "suites": 1,
    "tests": 2,
    "passes": 1,
    "pending": 1,
    "failures": 0,
    "start": "2022-11-10T13:55:47.327Z",
    "end": "2022-11-10T13:55:56.260Z",
    "duration": 8933,
    "testsRegistered": 2,
    "passPercent": 100,
    "pendingPercent": 50,
    "other": 0,
    "hasOther": false,
    "skipped": 0,
    "hasSkipped": false
  },
  "results": [
    {
      "uuid": "93161aba-05a3-4235-b136-fee6ce90caca",
      "title": "",
      "fullFile": "cypress\\e2e\\features\\pesquisa.feature",
      "file": "cypress\\e2e\\features\\pesquisa.feature",
      "beforeHooks": [],
      "afterHooks": [],
      "tests": [],
      "suites": [
        {
          "uuid": "d2f6785f-014f-4be0-b209-5d5c88eb6efb",
          "title": "Pesquisar no sistema de Teste WEB",
          "fullFile": "",
          "file": "",
          "beforeHooks": [],
          "afterHooks": [],
          "tests": [
            {
              "title": "Visualizar a Pesquisar no site",
              "fullTitle": "Pesquisar no sistema de Teste WEB Visualizar a Pesquisar no site",
              "timedOut": null,
              "duration": 5422,
              "state": "passed",
              "speed": "medium",
              "pass": true,
              "fail": false,
              "pending": false,
              "context": null,
              "code": "",
              "err": {},
              "uuid": "4f74f41c-b22f-4c42-8285-6ada34d3c9d5",
              "parentUUID": "d2f6785f-014f-4be0-b209-5d5c88eb6efb",
              "isHook": false,
              "skipped": false
            },
            {
              "title": "Visualizar a Pesquisar no site user correto",
              "fullTitle": "Pesquisar no sistema de Teste WEB Visualizar a Pesquisar no site user correto",
              "timedOut": null,
              "duration": 0,
              "state": "pending",
              "speed": null,
              "pass": false,
              "fail": false,
              "pending": true,
              "context": null,
              "code": "",
              "err": {},
              "uuid": "049aec86-eec3-4a48-a860-15929ca8264c",
              "parentUUID": "d2f6785f-014f-4be0-b209-5d5c88eb6efb",
              "isHook": false,
              "skipped": false
            }
          ],
          "suites": [],
          "passes": [
            "4f74f41c-b22f-4c42-8285-6ada34d3c9d5"
          ],
          "failures": [],
          "pending": [
            "049aec86-eec3-4a48-a860-15929ca8264c"
          ],
          "skipped": [],
          "duration": 5422,
          "root": false,
          "rootEmpty": false,
          "_timeout": 2000
        }
      ],
      "passes": [],
      "failures": [],
      "pending": [],
      "skipped": [],
      "duration": 0,
      "root": true,
      "rootEmpty": true,
      "_timeout": 2000
    }
  ],
  "meta": {
    "mocha": {
      "version": "7.0.1"
    },
    "mochawesome": {
      "options": {
        "quiet": false,
        "reportFilename": "[status]-[name]",
        "saveHtml": true,
        "saveJson": true,
        "consoleReporter": "spec",
        "useInlineDiffs": false,
        "code": false
      },
      "version": "7.1.3"
    },
    "marge": {
      "options": {
        "autoOpen": true,
        "inline": true,
        "reportPageTitle": "Reltórios de Testes Web",
        "code": false,
        "charts": true,
        "reportFilename": "[status]-[name]",
        "reportDir": "cypress/report/mochawesome-report",
        "overwrite": true,
        "html": true,
        "json": true,
        "timestamp": "mm-dd-_HH-MM-ss"
      },
      "version": "6.2.0"
    }
  }
}