{
  "stats": {
    "suites": 1,
    "tests": 1,
    "passes": 1,
    "pending": 1,
    "failures": -1,
    "start": "2022-11-10T13:56:56.098Z",
    "end": "2022-11-10T13:57:06.308Z",
    "duration": 10210,
    "testsRegistered": 2,
    "passPercent": 100,
    "pendingPercent": 50,
    "other": 1,
    "hasOther": true,
    "skipped": 0,
    "hasSkipped": false
  },
  "results": [
    {
      "uuid": "81922fe8-725e-454d-b2d8-c235455b8c0e",
      "title": "",
      "fullFile": "cypress\\e2e\\features\\pesquisa.feature",
      "file": "cypress\\e2e\\features\\pesquisa.feature",
      "beforeHooks": [],
      "afterHooks": [],
      "tests": [],
      "suites": [
        {
          "uuid": "fd5057f1-1e97-4e5a-b6c4-378a84d2e48b",
          "title": "Pesquisar no sistema de Teste WEB",
          "fullFile": "",
          "file": "",
          "beforeHooks": [],
          "afterHooks": [],
          "tests": [
            {
              "title": "Visualizar a Pesquisar no site",
              "fullTitle": "Pesquisar no sistema de Teste WEB Visualizar a Pesquisar no site",
              "timedOut": null,
              "duration": 0,
              "state": "pending",
              "speed": null,
              "pass": false,
              "fail": false,
              "pending": true,
              "context": null,
              "code": "",
              "err": {},
              "uuid": "8d4c42c7-1c6c-4f95-9864-0844130f4f05",
              "parentUUID": "fd5057f1-1e97-4e5a-b6c4-378a84d2e48b",
              "isHook": false,
              "skipped": false
            },
            {
              "title": "Visualizar a Pesquisar no site user correto",
              "fullTitle": "Pesquisar no sistema de Teste WEB Visualizar a Pesquisar no site user correto",
              "timedOut": null,
              "duration": 6905,
              "state": "passed",
              "speed": "medium",
              "pass": true,
              "fail": false,
              "pending": false,
              "context": null,
              "code": "",
              "err": {},
              "uuid": "3b76e284-9aec-4e25-8648-209e6b29bfc7",
              "parentUUID": "fd5057f1-1e97-4e5a-b6c4-378a84d2e48b",
              "isHook": false,
              "skipped": false
            }
          ],
          "suites": [],
          "passes": [
            "3b76e284-9aec-4e25-8648-209e6b29bfc7"
          ],
          "failures": [],
          "pending": [
            "8d4c42c7-1c6c-4f95-9864-0844130f4f05"
          ],
          "skipped": [],
          "duration": 6905,
          "root": false,
          "rootEmpty": false,
          "_timeout": 2000
        }
      ],
      "passes": [],
      "failures": [],
      "pending": [],
      "skipped": [],
      "duration": 0,
      "root": true,
      "rootEmpty": true,
      "_timeout": 2000
    }
  ],
  "meta": {
    "mocha": {
      "version": "7.0.1"
    },
    "mochawesome": {
      "options": {
        "quiet": false,
        "reportFilename": "[status]-[name]",
        "saveHtml": true,
        "saveJson": true,
        "consoleReporter": "spec",
        "useInlineDiffs": false,
        "code": false
      },
      "version": "7.1.3"
    },
    "marge": {
      "options": {
        "autoOpen": true,
        "inline": true,
        "reportPageTitle": "Reltórios de Testes Web",
        "code": false,
        "charts": true,
        "reportFilename": "[status]-[name]",
        "reportDir": "cypress/report/mochawesome-report",
        "overwrite": true,
        "html": true,
        "json": true,
        "timestamp": "mm-dd-_HH-MM-ss"
      },
      "version": "6.2.0"
    }
  }
}