{
  "stats": {
    "suites": 1,
    "tests": 1,
    "passes": 1,
    "pending": 0,
    "failures": 0,
    "start": "2022-10-25T19:26:23.414Z",
    "end": "2022-10-25T19:26:32.920Z",
    "duration": 9506,
    "testsRegistered": 1,
    "passPercent": 100,
    "pendingPercent": 0,
    "other": 0,
    "hasOther": false,
    "skipped": 0,
    "hasSkipped": false
  },
  "results": [
    {
      "uuid": "0f38129b-9360-4e4f-ab6e-6625c06bc336",
      "title": "",
      "fullFile": "cypress\\e2e\\features\\pesquisa.feature",
      "file": "cypress\\e2e\\features\\pesquisa.feature",
      "beforeHooks": [],
      "afterHooks": [],
      "tests": [],
      "suites": [
        {
          "uuid": "d1d659c2-34b7-4e30-8541-30219973310e",
          "title": "Pesquisar no sistema de Teste WEB",
          "fullFile": "",
          "file": "",
          "beforeHooks": [],
          "afterHooks": [],
          "tests": [
            {
              "title": "Visualizar a Pesquisar no site",
              "fullTitle": "Pesquisar no sistema de Teste WEB Visualizar a Pesquisar no site",
              "timedOut": null,
              "duration": 6535,
              "state": "passed",
              "speed": "medium",
              "pass": true,
              "fail": false,
              "pending": false,
              "context": null,
              "code": "",
              "err": {},
              "uuid": "732c8f66-1d1d-405e-b5de-4e63b86f3197",
              "parentUUID": "d1d659c2-34b7-4e30-8541-30219973310e",
              "isHook": false,
              "skipped": false
            }
          ],
          "suites": [],
          "passes": [
            "732c8f66-1d1d-405e-b5de-4e63b86f3197"
          ],
          "failures": [],
          "pending": [],
          "skipped": [],
          "duration": 6535,
          "root": false,
          "rootEmpty": false,
          "_timeout": 2000
        }
      ],
      "passes": [],
      "failures": [],
      "pending": [],
      "skipped": [],
      "duration": 0,
      "root": true,
      "rootEmpty": true,
      "_timeout": 2000
    }
  ],
  "meta": {
    "mocha": {
      "version": "7.0.1"
    },
    "mochawesome": {
      "options": {
        "quiet": false,
        "reportFilename": "[status]-[name]",
        "saveHtml": true,
        "saveJson": true,
        "consoleReporter": "spec",
        "useInlineDiffs": false,
        "code": false
      },
      "version": "7.1.3"
    },
    "marge": {
      "options": {
        "autoOpen": true,
        "inline": true,
        "reportPageTitle": "Reltórios de Testes Web",
        "code": false,
        "charts": true,
        "reportFilename": "[status]-[name]",
        "reportDir": "cypress/report/mochawesome-report",
        "overwrite": true,
        "html": true,
        "json": true,
        "timestamp": "mm-dd-_HH-MM-ss"
      },
      "version": "6.2.0"
    }
  }
}